<?xml version="1.0" encoding="UTF-8"?>
<Site BuildName="(empty)"
	BuildStamp="20231106-0818-Experimental"
	Name="(empty)"
	Generator="ctest-3.22.1"
	CompilerName=""
	CompilerVersion=""
	OSName="Linux"
	Hostname="yyz-VirtualBox"
	OSRelease="5.15.0-87-generic"
	OSVersion="#97-Ubuntu SMP Mon Oct 2 21:09:21 UTC 2023"
	OSPlatform="x86_64"
	Is64Bits="1"
	VendorString="GenuineIntel"
	VendorID="Intel Corporation"
	FamilyID="6"
	ModelID="61"
	ProcessorCacheSize="4096"
	NumberOfLogicalCPU="2"
	NumberOfPhysicalCPU="2"
	TotalVirtualMemory="1162"
	TotalPhysicalMemory="3912"
	LogicalProcessorsPerPhysical="1"
	ProcessorClockFrequency="2214.27"
	>
	<Testing>
		<StartDateTime>Nov 06 09:18 CET</StartDateTime>
		<StartTestTime>1699258725</StartTestTime>
		<TestList/>
		<EndDateTime>Nov 06 09:18 CET</EndDateTime>
		<EndTestTime>1699258725</EndTestTime>
		<ElapsedMinutes>0</ElapsedMinutes>
	</Testing>
</Site>
